<?xml version="1.0" encoding="UTF-8"?>
<!-- Generated by org.testng.reporters.JUnitReportReporter -->
<testsuite hostname="LAPTOP-3FK53I8J" failures="0" tests="2" name="malagiacademy.AppiumTest" time="0.015" errors="0" timestamp="2020-04-26T14:49:26 IST" skipped="0">
  <testcase classname="malagiacademy.AppiumTest" name="iosApps" time="0.000"/>
  <system-out/>
  <testcase classname="malagiacademy.AppiumTest" name="androidApps" time="0.015"/>
  <system-out/>
</testsuite> <!-- malagiacademy.AppiumTest -->
