<?xml version="1.0" encoding="UTF-8"?>
<!-- Generated by org.testng.reporters.JUnitReportReporter -->
<testsuite hostname="LAPTOP-3FK53I8J" failures="0" tests="2" name="malagiacademy.SeleniumTest" time="0.000" errors="0" timestamp="2020-04-26T14:49:26 IST" skipped="0">
  <testcase classname="malagiacademy.SeleniumTest" name="elementsUI" time="0.000"/>
  <system-out/>
  <testcase classname="malagiacademy.SeleniumTest" name="browserAuto" time="0.000"/>
  <system-out/>
</testsuite> <!-- malagiacademy.SeleniumTest -->
